[2025-10-04T14:20:04.818Z] [INFO] Logger initialized. Log file: logs\rag-2025-10-04T14-20-04-816Z.log
================================================================================
[2025-10-04T14:20:04.938Z] [INFO] Adding Chunks to Vector Store
================================================================================
[2025-10-04T14:20:04.944Z] [INFO] Adding 3 chunks
[2025-10-04T14:20:04.947Z] [DEBUG] Generating embedding for chunk 1/3
[2025-10-04T14:20:04.949Z] [DEBUG] Generating embedding for chunk 2/3
[2025-10-04T14:20:04.952Z] [DEBUG] Generating embedding for chunk 3/3
[2025-10-04T14:20:04.955Z] [SUCCESS] Added 3 chunks with embeddings
================================================================================
[2025-10-04T14:20:04.962Z] [INFO] Adding Chunks to Vector Store
================================================================================
[2025-10-04T14:20:04.967Z] [INFO] Adding 0 chunks
[2025-10-04T14:20:04.968Z] [SUCCESS] Added 0 chunks with embeddings
================================================================================
[2025-10-04T14:20:04.973Z] [INFO] Adding Chunks to Vector Store
================================================================================
[2025-10-04T14:20:04.977Z] [INFO] Adding 3 chunks
[2025-10-04T14:20:04.979Z] [DEBUG] Generating embedding for chunk 1/3
[2025-10-04T14:20:04.981Z] [DEBUG] Generating embedding for chunk 2/3
[2025-10-04T14:20:04.983Z] [DEBUG] Generating embedding for chunk 3/3
[2025-10-04T14:20:04.985Z] [SUCCESS] Added 3 chunks with embeddings
[2025-10-04T14:20:04.987Z] [DEBUG] Semantic search: query="machine learning neural networks", topK=2, filter=none
[2025-10-04T14:20:04.990Z] [DEBUG] Semantic search returned 2 results
================================================================================
[2025-10-04T14:20:04.995Z] [INFO] Adding Chunks to Vector Store
================================================================================
[2025-10-04T14:20:05.000Z] [INFO] Adding 3 chunks
[2025-10-04T14:20:05.002Z] [DEBUG] Generating embedding for chunk 1/3
[2025-10-04T14:20:05.006Z] [DEBUG] Generating embedding for chunk 2/3
[2025-10-04T14:20:05.009Z] [DEBUG] Generating embedding for chunk 3/3
[2025-10-04T14:20:05.013Z] [SUCCESS] Added 3 chunks with embeddings
[2025-10-04T14:20:05.016Z] [DEBUG] Semantic search: query="methods", topK=5, filter=<research_methods>
[2025-10-04T14:20:05.019Z] [DEBUG] Semantic search returned 1 results
================================================================================
[2025-10-04T14:20:05.027Z] [INFO] Adding Chunks to Vector Store
================================================================================
[2025-10-04T14:20:05.032Z] [INFO] Adding 3 chunks
[2025-10-04T14:20:05.035Z] [DEBUG] Generating embedding for chunk 1/3
[2025-10-04T14:20:05.037Z] [DEBUG] Generating embedding for chunk 2/3
[2025-10-04T14:20:05.039Z] [DEBUG] Generating embedding for chunk 3/3
[2025-10-04T14:20:05.040Z] [SUCCESS] Added 3 chunks with embeddings
[2025-10-04T14:20:05.048Z] [DEBUG] Semantic search: query="machine learning", topK=3, filter=none
[2025-10-04T14:20:05.050Z] [DEBUG] Semantic search returned 3 results
[2025-10-04T14:20:05.054Z] [DEBUG] Semantic search: query="test query", topK=5, filter=none
[2025-10-04T14:20:05.055Z] [DEBUG] Semantic search returned 0 results
================================================================================
[2025-10-04T14:20:05.060Z] [INFO] Adding Chunks to Vector Store
================================================================================
[2025-10-04T14:20:05.063Z] [INFO] Adding 3 chunks
[2025-10-04T14:20:05.065Z] [DEBUG] Generating embedding for chunk 1/3
[2025-10-04T14:20:05.067Z] [DEBUG] Generating embedding for chunk 2/3
[2025-10-04T14:20:05.069Z] [DEBUG] Generating embedding for chunk 3/3
[2025-10-04T14:20:05.071Z] [SUCCESS] Added 3 chunks with embeddings
[2025-10-04T14:20:05.073Z] [DEBUG] Semantic search: query="", topK=3, filter=none
[2025-10-04T14:20:05.074Z] [DEBUG] Semantic search returned 3 results
