[2025-10-04T14:08:31.107Z] [INFO] Logger initialized. Log file: logs\rag-2025-10-04T14-08-31-107Z.log
================================================================================
[2025-10-04T14:08:31.114Z] [INFO] Adding Chunks to Vector Store
================================================================================
[2025-10-04T14:08:31.117Z] [INFO] Adding 3 chunks
[2025-10-04T14:08:31.118Z] [DEBUG] Generating embedding for chunk 1/3
[2025-10-04T14:08:31.119Z] [DEBUG] Generating embedding for chunk 2/3
[2025-10-04T14:08:31.121Z] [DEBUG] Generating embedding for chunk 3/3
[2025-10-04T14:08:31.122Z] [SUCCESS] Added 3 chunks with embeddings
================================================================================
[2025-10-04T14:08:31.127Z] [INFO] Adding Chunks to Vector Store
================================================================================
[2025-10-04T14:08:31.131Z] [INFO] Adding 0 chunks
[2025-10-04T14:08:31.132Z] [SUCCESS] Added 0 chunks with embeddings
================================================================================
[2025-10-04T14:08:31.136Z] [INFO] Adding Chunks to Vector Store
================================================================================
[2025-10-04T14:08:31.139Z] [INFO] Adding 3 chunks
[2025-10-04T14:08:31.141Z] [DEBUG] Generating embedding for chunk 1/3
[2025-10-04T14:08:31.143Z] [DEBUG] Generating embedding for chunk 2/3
[2025-10-04T14:08:31.144Z] [DEBUG] Generating embedding for chunk 3/3
[2025-10-04T14:08:31.146Z] [SUCCESS] Added 3 chunks with embeddings
[2025-10-04T14:08:31.148Z] [DEBUG] Semantic search: query="machine learning neural networks", topK=2, filter=none
[2025-10-04T14:08:31.150Z] [DEBUG] Semantic search returned 2 results
================================================================================
[2025-10-04T14:08:31.153Z] [INFO] Adding Chunks to Vector Store
================================================================================
[2025-10-04T14:08:31.156Z] [INFO] Adding 3 chunks
[2025-10-04T14:08:31.158Z] [DEBUG] Generating embedding for chunk 1/3
[2025-10-04T14:08:31.163Z] [DEBUG] Generating embedding for chunk 2/3
[2025-10-04T14:08:31.164Z] [DEBUG] Generating embedding for chunk 3/3
[2025-10-04T14:08:31.165Z] [SUCCESS] Added 3 chunks with embeddings
[2025-10-04T14:08:31.167Z] [DEBUG] Semantic search: query="methods", topK=5, filter=<research_methods>
[2025-10-04T14:08:31.168Z] [DEBUG] Semantic search returned 1 results
================================================================================
[2025-10-04T14:08:31.172Z] [INFO] Adding Chunks to Vector Store
================================================================================
[2025-10-04T14:08:31.175Z] [INFO] Adding 3 chunks
[2025-10-04T14:08:31.177Z] [DEBUG] Generating embedding for chunk 1/3
[2025-10-04T14:08:31.178Z] [DEBUG] Generating embedding for chunk 2/3
[2025-10-04T14:08:31.180Z] [DEBUG] Generating embedding for chunk 3/3
[2025-10-04T14:08:31.181Z] [SUCCESS] Added 3 chunks with embeddings
[2025-10-04T14:08:31.183Z] [DEBUG] Semantic search: query="machine learning", topK=3, filter=none
[2025-10-04T14:08:31.184Z] [DEBUG] Semantic search returned 3 results
[2025-10-04T14:08:31.187Z] [DEBUG] Semantic search: query="test query", topK=5, filter=none
[2025-10-04T14:08:31.188Z] [DEBUG] Semantic search returned 0 results
================================================================================
[2025-10-04T14:08:31.193Z] [INFO] Adding Chunks to Vector Store
================================================================================
[2025-10-04T14:08:31.197Z] [INFO] Adding 3 chunks
[2025-10-04T14:08:31.198Z] [DEBUG] Generating embedding for chunk 1/3
[2025-10-04T14:08:31.200Z] [DEBUG] Generating embedding for chunk 2/3
[2025-10-04T14:08:31.201Z] [DEBUG] Generating embedding for chunk 3/3
[2025-10-04T14:08:31.202Z] [SUCCESS] Added 3 chunks with embeddings
[2025-10-04T14:08:31.204Z] [DEBUG] Semantic search: query="", topK=3, filter=none
[2025-10-04T14:08:31.205Z] [DEBUG] Semantic search returned 3 results
