[2025-10-04T13:58:38.703Z] [INFO] Logger initialized. Log file: logs\rag-2025-10-04T13-58-38-700Z.log
================================================================================
[2025-10-04T13:58:38.875Z] [INFO] Adding Chunks to Vector Store
================================================================================
[2025-10-04T13:58:38.880Z] [INFO] Adding 3 chunks
[2025-10-04T13:58:38.889Z] [DEBUG] Generating embedding for chunk 1/3
[2025-10-04T13:58:38.898Z] [DEBUG] Generating embedding for chunk 2/3
[2025-10-04T13:58:38.901Z] [DEBUG] Generating embedding for chunk 3/3
[2025-10-04T13:58:38.903Z] [SUCCESS] Added 3 chunks with embeddings
================================================================================
[2025-10-04T13:58:38.913Z] [INFO] Adding Chunks to Vector Store
================================================================================
[2025-10-04T13:58:38.918Z] [INFO] Adding 0 chunks
[2025-10-04T13:58:38.920Z] [SUCCESS] Added 0 chunks with embeddings
================================================================================
[2025-10-04T13:58:38.925Z] [INFO] Adding Chunks to Vector Store
================================================================================
[2025-10-04T13:58:38.932Z] [INFO] Adding 3 chunks
[2025-10-04T13:58:38.935Z] [DEBUG] Generating embedding for chunk 1/3
[2025-10-04T13:58:38.936Z] [DEBUG] Generating embedding for chunk 2/3
[2025-10-04T13:58:38.938Z] [DEBUG] Generating embedding for chunk 3/3
[2025-10-04T13:58:38.941Z] [SUCCESS] Added 3 chunks with embeddings
[2025-10-04T13:58:38.943Z] [DEBUG] Semantic search: query="machine learning neural networks", topK=2, filter=none
[2025-10-04T13:58:38.947Z] [DEBUG] Semantic search returned 2 results
================================================================================
[2025-10-04T13:58:38.952Z] [INFO] Adding Chunks to Vector Store
================================================================================
[2025-10-04T13:58:38.957Z] [INFO] Adding 3 chunks
[2025-10-04T13:58:38.959Z] [DEBUG] Generating embedding for chunk 1/3
[2025-10-04T13:58:38.961Z] [DEBUG] Generating embedding for chunk 2/3
[2025-10-04T13:58:38.964Z] [DEBUG] Generating embedding for chunk 3/3
[2025-10-04T13:58:38.967Z] [SUCCESS] Added 3 chunks with embeddings
[2025-10-04T13:58:38.970Z] [DEBUG] Semantic search: query="methods", topK=5, filter=<research_methods>
[2025-10-04T13:58:38.972Z] [DEBUG] Semantic search returned 1 results
================================================================================
[2025-10-04T13:58:38.982Z] [INFO] Adding Chunks to Vector Store
================================================================================
[2025-10-04T13:58:38.989Z] [INFO] Adding 3 chunks
[2025-10-04T13:58:38.991Z] [DEBUG] Generating embedding for chunk 1/3
[2025-10-04T13:58:38.993Z] [DEBUG] Generating embedding for chunk 2/3
[2025-10-04T13:58:38.994Z] [DEBUG] Generating embedding for chunk 3/3
[2025-10-04T13:58:38.997Z] [SUCCESS] Added 3 chunks with embeddings
[2025-10-04T13:58:39.008Z] [DEBUG] Semantic search: query="machine learning", topK=3, filter=none
[2025-10-04T13:58:39.009Z] [DEBUG] Semantic search returned 3 results
[2025-10-04T13:58:39.013Z] [DEBUG] Semantic search: query="test query", topK=5, filter=none
[2025-10-04T13:58:39.015Z] [DEBUG] Semantic search returned 0 results
================================================================================
[2025-10-04T13:58:39.020Z] [INFO] Adding Chunks to Vector Store
================================================================================
[2025-10-04T13:58:39.024Z] [INFO] Adding 3 chunks
[2025-10-04T13:58:39.025Z] [DEBUG] Generating embedding for chunk 1/3
[2025-10-04T13:58:39.027Z] [DEBUG] Generating embedding for chunk 2/3
[2025-10-04T13:58:39.030Z] [DEBUG] Generating embedding for chunk 3/3
[2025-10-04T13:58:39.032Z] [SUCCESS] Added 3 chunks with embeddings
[2025-10-04T13:58:39.034Z] [DEBUG] Semantic search: query="", topK=3, filter=none
[2025-10-04T13:58:39.035Z] [DEBUG] Semantic search returned 3 results
