[2025-10-04T13:59:26.351Z] [INFO] Logger initialized. Log file: logs\rag-2025-10-04T13-59-26-349Z.log
================================================================================
[2025-10-04T13:59:26.461Z] [INFO] Adding Chunks to Vector Store
================================================================================
[2025-10-04T13:59:26.467Z] [INFO] Adding 3 chunks
[2025-10-04T13:59:26.471Z] [DEBUG] Generating embedding for chunk 1/3
[2025-10-04T13:59:26.474Z] [DEBUG] Generating embedding for chunk 2/3
[2025-10-04T13:59:26.476Z] [DEBUG] Generating embedding for chunk 3/3
[2025-10-04T13:59:26.480Z] [SUCCESS] Added 3 chunks with embeddings
================================================================================
[2025-10-04T13:59:26.529Z] [INFO] Adding Chunks to Vector Store
================================================================================
[2025-10-04T13:59:26.535Z] [INFO] Adding 0 chunks
[2025-10-04T13:59:26.536Z] [SUCCESS] Added 0 chunks with embeddings
================================================================================
[2025-10-04T13:59:26.587Z] [INFO] Adding Chunks to Vector Store
================================================================================
[2025-10-04T13:59:26.611Z] [INFO] Adding 3 chunks
[2025-10-04T13:59:26.614Z] [DEBUG] Generating embedding for chunk 1/3
[2025-10-04T13:59:26.616Z] [DEBUG] Generating embedding for chunk 2/3
[2025-10-04T13:59:26.618Z] [DEBUG] Generating embedding for chunk 3/3
[2025-10-04T13:59:26.619Z] [SUCCESS] Added 3 chunks with embeddings
[2025-10-04T13:59:26.622Z] [DEBUG] Semantic search: query="machine learning neural networks", topK=2, filter=none
[2025-10-04T13:59:26.629Z] [DEBUG] Semantic search returned 2 results
================================================================================
[2025-10-04T13:59:26.634Z] [INFO] Adding Chunks to Vector Store
================================================================================
[2025-10-04T13:59:26.640Z] [INFO] Adding 3 chunks
[2025-10-04T13:59:26.643Z] [DEBUG] Generating embedding for chunk 1/3
[2025-10-04T13:59:26.648Z] [DEBUG] Generating embedding for chunk 2/3
[2025-10-04T13:59:26.653Z] [DEBUG] Generating embedding for chunk 3/3
[2025-10-04T13:59:26.655Z] [SUCCESS] Added 3 chunks with embeddings
[2025-10-04T13:59:26.662Z] [DEBUG] Semantic search: query="methods", topK=5, filter=<research_methods>
[2025-10-04T13:59:26.665Z] [DEBUG] Semantic search returned 1 results
================================================================================
[2025-10-04T13:59:26.694Z] [INFO] Adding Chunks to Vector Store
================================================================================
[2025-10-04T13:59:26.699Z] [INFO] Adding 3 chunks
[2025-10-04T13:59:26.701Z] [DEBUG] Generating embedding for chunk 1/3
[2025-10-04T13:59:26.703Z] [DEBUG] Generating embedding for chunk 2/3
[2025-10-04T13:59:26.707Z] [DEBUG] Generating embedding for chunk 3/3
[2025-10-04T13:59:26.711Z] [SUCCESS] Added 3 chunks with embeddings
[2025-10-04T13:59:26.714Z] [DEBUG] Semantic search: query="machine learning", topK=3, filter=none
[2025-10-04T13:59:26.716Z] [DEBUG] Semantic search returned 3 results
[2025-10-04T13:59:26.721Z] [DEBUG] Semantic search: query="test query", topK=5, filter=none
[2025-10-04T13:59:26.723Z] [DEBUG] Semantic search returned 0 results
================================================================================
[2025-10-04T13:59:26.734Z] [INFO] Adding Chunks to Vector Store
================================================================================
[2025-10-04T13:59:26.739Z] [INFO] Adding 3 chunks
[2025-10-04T13:59:26.741Z] [DEBUG] Generating embedding for chunk 1/3
[2025-10-04T13:59:26.746Z] [DEBUG] Generating embedding for chunk 2/3
[2025-10-04T13:59:26.750Z] [DEBUG] Generating embedding for chunk 3/3
[2025-10-04T13:59:26.752Z] [SUCCESS] Added 3 chunks with embeddings
[2025-10-04T13:59:26.754Z] [DEBUG] Semantic search: query="", topK=3, filter=none
[2025-10-04T13:59:26.756Z] [DEBUG] Semantic search returned 3 results
